# JRE version: Java(TM) SE Runtime Environment (17.0.10+11) (build 17.0.10+11-LTS-240)
# Java VM: Java HotSpot(TM) 64-Bit Server VM (17.0.10+11-LTS-240, mixed mode, sharing, tiered, compressed oops, compressed class ptrs, g1 gc, windows-amd64)
GC Precious Log:
 CPUs: 4 total, 4 available
 Memory: 7886M
 Large Page Support: Disabled
 NUMA Support: Disabled
 Compressed Oops: Enabled (32-bit)
 Heap Region Size: 1M
 Heap Min Capacity: 8M
 Heap Initial Capacity: 124M
 Heap Max Capacity: 1972M
 Pre-touch: Disabled
 Parallel Workers: 4
 Concurrent Workers: 1
 Concurrent Refinement Workers: 4
 Periodic GC: Disabled
Heap:
 garbage-first heap   total 51200K, used 22472K [0x0000000084c00000, 0x0000000100000000)
  region size 1024K, 2 young (2048K), 2 survivors (2048K)
 Metaspace       used 54038K, committed 54464K, reserved 1114112K
  class space    used 7250K, committed 7424K, reserved 1048576K
GC Heap History (20 events):
Event: 0.761 GC heap after
{Heap after GC invocations=2 (full 0):
 garbage-first heap   total 126976K, used 7294K [0x0000000084c00000, 0x0000000100000000)
  region size 1024K, 1 young (1024K), 1 survivors (1024K)
 Metaspace       used 6249K, committed 6400K, reserved 1114112K
  class space    used 726K, committed 768K, reserved 1048576K
}
Event: 1.195 GC heap before
{Heap before GC invocations=2 (full 0):
 garbage-first heap   total 126976K, used 31870K [0x0000000084c00000, 0x0000000100000000)
  region size 1024K, 26 young (26624K), 1 survivors (1024K)
 Metaspace       used 12535K, committed 12736K, reserved 1114112K
  class space    used 1488K, committed 1600K, reserved 1048576K
}
Event: 1.200 GC heap after
{Heap after GC invocations=3 (full 0):
 garbage-first heap   total 126976K, used 9693K [0x0000000084c00000, 0x0000000100000000)
  region size 1024K, 4 young (4096K), 4 survivors (4096K)
 Metaspace       used 12535K, committed 12736K, reserved 1114112K
  class space    used 1488K, committed 1600K, reserved 1048576K
}
Event: 2.368 GC heap before
{Heap before GC invocations=3 (full 0):
 garbage-first heap   total 126976K, used 61917K [0x0000000084c00000, 0x0000000100000000)
  region size 1024K, 57 young (58368K), 4 survivors (4096K)
 Metaspace       used 21236K, committed 21504K, reserved 1114112K
  class space    used 2606K, committed 2752K, reserved 1048576K
}
Event: 2.376 GC heap after
{Heap after GC invocations=4 (full 0):
 garbage-first heap   total 126976K, used 13548K [0x0000000084c00000, 0x0000000100000000)
  region size 1024K, 7 young (7168K), 7 survivors (7168K)
 Metaspace       used 21236K, committed 21504K, reserved 1114112K
  class space    used 2606K, committed 2752K, reserved 1048576K
}
Event: 3.116 GC heap before
{Heap before GC invocations=5 (full 0):
 garbage-first heap   total 51200K, used 37100K [0x0000000084c00000, 0x0000000100000000)
  region size 1024K, 30 young (30720K), 7 survivors (7168K)
 Metaspace       used 25185K, committed 25536K, reserved 1114112K
  class space    used 3202K, committed 3392K, reserved 1048576K
}
Event: 3.131 GC heap after
{Heap after GC invocations=6 (full 0):
 garbage-first heap   total 51200K, used 16141K [0x0000000084c00000, 0x0000000100000000)
  region size 1024K, 3 young (3072K), 3 survivors (3072K)
 Metaspace       used 25185K, committed 25536K, reserved 1114112K
  class space    used 3202K, committed 3392K, reserved 1048576K
}
Event: 3.155 GC heap before
{Heap before GC invocations=6 (full 0):
 garbage-first heap   total 51200K, used 17165K [0x0000000084c00000, 0x0000000100000000)
  region size 1024K, 4 young (4096K), 3 survivors (3072K)
 Metaspace       used 25352K, committed 25728K, reserved 1114112K
  class space    used 3244K, committed 3392K, reserved 1048576K
}
Event: 3.159 GC heap after
{Heap after GC invocations=7 (full 0):
 garbage-first heap   total 51200K, used 15840K [0x0000000084c00000, 0x0000000100000000)
  region size 1024K, 1 young (1024K), 1 survivors (1024K)
 Metaspace       used 25352K, committed 25728K, reserved 1114112K
  class space    used 3244K, committed 3392K, reserved 1048576K
}
Event: 3.626 GC heap before
{Heap before GC invocations=7 (full 0):
 garbage-first heap   total 51200K, used 35296K [0x0000000084c00000, 0x0000000100000000)
  region size 1024K, 20 young (20480K), 1 survivors (1024K)
 Metaspace       used 28788K, committed 29248K, reserved 1114112K
  class space    used 3664K, committed 3904K, reserved 1048576K
}
Event: 3.630 GC heap after
{Heap after GC invocations=8 (full 0):
 garbage-first heap   total 51200K, used 16897K [0x0000000084c00000, 0x0000000100000000)
  region size 1024K, 2 young (2048K), 2 survivors (2048K)
 Metaspace       used 28788K, committed 29248K, reserved 1114112K
  class space    used 3664K, committed 3904K, reserved 1048576K
}
Event: 4.120 GC heap before
{Heap before GC invocations=8 (full 0):
 garbage-first heap   total 51200K, used 37377K [0x0000000084c00000, 0x0000000100000000)
  region size 1024K, 22 young (22528K), 2 survivors (2048K)
 Metaspace       used 33493K, committed 33984K, reserved 1114112K
  class space    used 4346K, committed 4544K, reserved 1048576K
}
Event: 4.124 GC heap after
{Heap after GC invocations=9 (full 0):
 garbage-first heap   total 51200K, used 17898K [0x0000000084c00000, 0x0000000100000000)
  region size 1024K, 3 young (3072K), 3 survivors (3072K)
 Metaspace       used 33493K, committed 33984K, reserved 1114112K
  class space    used 4346K, committed 4544K, reserved 1048576K
}
Event: 4.321 GC heap before
{Heap before GC invocations=9 (full 0):
 garbage-first heap   total 51200K, used 26090K [0x0000000084c00000, 0x0000000100000000)
  region size 1024K, 12 young (12288K), 3 survivors (3072K)
 Metaspace       used 35539K, committed 35968K, reserved 1114112K
  class space    used 4728K, committed 4928K, reserved 1048576K
}
Event: 4.325 GC heap after
{Heap after GC invocations=10 (full 0):
 garbage-first heap   total 51200K, used 18496K [0x0000000084c00000, 0x0000000100000000)
  region size 1024K, 2 young (2048K), 2 survivors (2048K)
 Metaspace       used 35539K, committed 35968K, reserved 1114112K
  class space    used 4728K, committed 4928K, reserved 1048576K
}
Event: 4.946 GC heap before
{Heap before GC invocations=11 (full 0):
 garbage-first heap   total 51200K, used 38976K [0x0000000084c00000, 0x0000000100000000)
  region size 1024K, 22 young (22528K), 2 survivors (2048K)
 Metaspace       used 44718K, committed 45184K, reserved 1114112K
  class space    used 5852K, committed 6080K, reserved 1048576K
}
Event: 4.950 GC heap after
{Heap after GC invocations=12 (full 0):
 garbage-first heap   total 51200K, used 20487K [0x0000000084c00000, 0x0000000100000000)
  region size 1024K, 3 young (3072K), 3 survivors (3072K)
 Metaspace       used 44718K, committed 45184K, reserved 1114112K
  class space    used 5852K, committed 6080K, reserved 1048576K
}
Event: 5.377 GC heap before
{Heap before GC invocations=12 (full 0):
 garbage-first heap   total 51200K, used 37895K [0x0000000084c00000, 0x0000000100000000)
  region size 1024K, 21 young (21504K), 3 survivors (3072K)
 Metaspace       used 48665K, committed 49088K, reserved 1114112K
  class space    used 6327K, committed 6528K, reserved 1048576K
}
Event: 5.384 GC heap after
{Heap after GC invocations=13 (full 0):
 garbage-first heap   total 51200K, used 21912K [0x0000000084c00000, 0x0000000100000000)
  region size 1024K, 2 young (2048K), 2 survivors (2048K)
 Metaspace       used 48665K, committed 49088K, reserved 1114112K
  class space    used 6327K, committed 6528K, reserved 1048576K
}
Event: 5.811 GC heap before
{Heap before GC invocations=13 (full 0):
 garbage-first heap   total 51200K, used 38296K [0x0000000084c00000, 0x0000000100000000)
  region size 1024K, 19 young (19456K), 2 survivors (2048K)
 Metaspace       used 54038K, committed 54464K, reserved 1114112K
  class space    used 7250K, committed 7424K, reserved 1048576K
}

