# JRE version: Java(TM) SE Runtime Environment (17.0.10+11) (build 17.0.10+11-LTS-240)
# Java VM: Java HotSpot(TM) 64-Bit Server VM (17.0.10+11-LTS-240, mixed mode, sharing, tiered, compressed oops, compressed class ptrs, g1 gc, windows-amd64)
GC Precious Log:
 CPUs: 4 total, 4 available
 Memory: 7886M
 Large Page Support: Disabled
 NUMA Support: Disabled
 Compressed Oops: Enabled (32-bit)
 Heap Region Size: 1M
 Heap Min Capacity: 8M
 Heap Initial Capacity: 124M
 Heap Max Capacity: 1972M
 Pre-touch: Disabled
 Parallel Workers: 4
 Concurrent Workers: 1
 Concurrent Refinement Workers: 4
 Periodic GC: Disabled
Heap:
 garbage-first heap   total 61440K, used 44221K [0x0000000084c00000, 0x0000000100000000)
  region size 1024K, 22 young (22528K), 4 survivors (4096K)
 Metaspace       used 65402K, committed 65984K, reserved 1114112K
  class space    used 8804K, committed 9088K, reserved 1048576K
GC Heap History (20 events):
Event: 0.988 GC heap before
{Heap before GC invocations=2 (full 0):
 garbage-first heap   total 126976K, used 30959K [0x0000000084c00000, 0x0000000100000000)
  region size 1024K, 25 young (25600K), 1 survivors (1024K)
 Metaspace       used 12371K, committed 12608K, reserved 1114112K
  class space    used 1482K, committed 1600K, reserved 1048576K
}
Event: 0.991 GC heap after
{Heap after GC invocations=3 (full 0):
 garbage-first heap   total 126976K, used 9455K [0x0000000084c00000, 0x0000000100000000)
  region size 1024K, 3 young (3072K), 3 survivors (3072K)
 Metaspace       used 12371K, committed 12608K, reserved 1114112K
  class space    used 1482K, committed 1600K, reserved 1048576K
}
Event: 2.179 GC heap before
{Heap before GC invocations=3 (full 0):
 garbage-first heap   total 126976K, used 62703K [0x0000000084c00000, 0x0000000100000000)
  region size 1024K, 56 young (57344K), 3 survivors (3072K)
 Metaspace       used 21203K, committed 21504K, reserved 1114112K
  class space    used 2591K, committed 2752K, reserved 1048576K
}
Event: 2.188 GC heap after
{Heap after GC invocations=4 (full 0):
 garbage-first heap   total 126976K, used 13445K [0x0000000084c00000, 0x0000000100000000)
  region size 1024K, 7 young (7168K), 7 survivors (7168K)
 Metaspace       used 21203K, committed 21504K, reserved 1114112K
  class space    used 2591K, committed 2752K, reserved 1048576K
}
Event: 2.799 GC heap before
{Heap before GC invocations=5 (full 0):
 garbage-first heap   total 51200K, used 36997K [0x0000000084c00000, 0x0000000100000000)
  region size 1024K, 30 young (30720K), 7 survivors (7168K)
 Metaspace       used 25123K, committed 25408K, reserved 1114112K
  class space    used 3189K, committed 3328K, reserved 1048576K
}
Event: 2.810 GC heap after
{Heap after GC invocations=6 (full 0):
 garbage-first heap   total 51200K, used 16017K [0x0000000084c00000, 0x0000000100000000)
  region size 1024K, 3 young (3072K), 3 survivors (3072K)
 Metaspace       used 25123K, committed 25408K, reserved 1114112K
  class space    used 3189K, committed 3328K, reserved 1048576K
}
Event: 3.276 GC heap before
{Heap before GC invocations=6 (full 0):
 garbage-first heap   total 51200K, used 35473K [0x0000000084c00000, 0x0000000100000000)
  region size 1024K, 22 young (22528K), 3 survivors (3072K)
 Metaspace       used 28646K, committed 29056K, reserved 1114112K
  class space    used 3638K, committed 3840K, reserved 1048576K
}
Event: 3.282 GC heap after
{Heap after GC invocations=7 (full 0):
 garbage-first heap   total 61440K, used 17524K [0x0000000084c00000, 0x0000000100000000)
  region size 1024K, 2 young (2048K), 2 survivors (2048K)
 Metaspace       used 28646K, committed 29056K, reserved 1114112K
  class space    used 3638K, committed 3840K, reserved 1048576K
}
Event: 3.792 GC heap before
{Heap before GC invocations=7 (full 0):
 garbage-first heap   total 61440K, used 44148K [0x0000000084c00000, 0x0000000100000000)
  region size 1024K, 28 young (28672K), 2 survivors (2048K)
 Metaspace       used 34415K, committed 34880K, reserved 1114112K
  class space    used 4523K, committed 4736K, reserved 1048576K
}
Event: 3.796 GC heap after
{Heap after GC invocations=8 (full 0):
 garbage-first heap   total 61440K, used 18652K [0x0000000084c00000, 0x0000000100000000)
  region size 1024K, 3 young (3072K), 3 survivors (3072K)
 Metaspace       used 34415K, committed 34880K, reserved 1114112K
  class space    used 4523K, committed 4736K, reserved 1048576K
}
Event: 3.896 GC heap before
{Heap before GC invocations=8 (full 0):
 garbage-first heap   total 61440K, used 22748K [0x0000000084c00000, 0x0000000100000000)
  region size 1024K, 8 young (8192K), 3 survivors (3072K)
 Metaspace       used 35564K, committed 35968K, reserved 1114112K
  class space    used 4729K, committed 4928K, reserved 1048576K
}
Event: 3.902 GC heap after
{Heap after GC invocations=9 (full 0):
 garbage-first heap   total 61440K, used 19005K [0x0000000084c00000, 0x0000000100000000)
  region size 1024K, 2 young (2048K), 2 survivors (2048K)
 Metaspace       used 35564K, committed 35968K, reserved 1114112K
  class space    used 4729K, committed 4928K, reserved 1048576K
}
Event: 4.631 GC heap before
{Heap before GC invocations=10 (full 0):
 garbage-first heap   total 61440K, used 45629K [0x0000000084c00000, 0x0000000100000000)
  region size 1024K, 29 young (29696K), 2 survivors (2048K)
 Metaspace       used 46370K, committed 46784K, reserved 1114112K
  class space    used 6085K, committed 6272K, reserved 1048576K
}
Event: 4.637 GC heap after
{Heap after GC invocations=11 (full 0):
 garbage-first heap   total 61440K, used 21527K [0x0000000084c00000, 0x0000000100000000)
  region size 1024K, 4 young (4096K), 4 survivors (4096K)
 Metaspace       used 46370K, committed 46784K, reserved 1114112K
  class space    used 6085K, committed 6272K, reserved 1048576K
}
Event: 5.158 GC heap before
{Heap before GC invocations=12 (full 0):
 garbage-first heap   total 61440K, used 46103K [0x0000000084c00000, 0x0000000100000000)
  region size 1024K, 29 young (29696K), 4 survivors (4096K)
 Metaspace       used 53248K, committed 53696K, reserved 1114112K
  class space    used 7113K, committed 7296K, reserved 1048576K
}
Event: 5.164 GC heap after
{Heap after GC invocations=13 (full 0):
 garbage-first heap   total 61440K, used 22988K [0x0000000084c00000, 0x0000000100000000)
  region size 1024K, 2 young (2048K), 2 survivors (2048K)
 Metaspace       used 53248K, committed 53696K, reserved 1114112K
  class space    used 7113K, committed 7296K, reserved 1048576K
}
Event: 5.604 GC heap before
{Heap before GC invocations=13 (full 0):
 garbage-first heap   total 61440K, used 46540K [0x0000000084c00000, 0x0000000100000000)
  region size 1024K, 26 young (26624K), 2 survivors (2048K)
 Metaspace       used 59048K, committed 59584K, reserved 1114112K
  class space    used 7898K, committed 8128K, reserved 1048576K
}
Event: 5.608 GC heap after
{Heap after GC invocations=14 (full 0):
 garbage-first heap   total 61440K, used 24431K [0x0000000084c00000, 0x0000000100000000)
  region size 1024K, 3 young (3072K), 3 survivors (3072K)
 Metaspace       used 59048K, committed 59584K, reserved 1114112K
  class space    used 7898K, committed 8128K, reserved 1048576K
}
Event: 6.116 GC heap before
{Heap before GC invocations=14 (full 0):
 garbage-first heap   total 61440K, used 47983K [0x0000000084c00000, 0x0000000100000000)
  region size 1024K, 26 young (26624K), 3 survivors (3072K)
 Metaspace       used 62208K, committed 62784K, reserved 1114112K
  class space    used 8379K, committed 8640K, reserved 1048576K
}
Event: 6.123 GC heap after
{Heap after GC invocations=15 (full 0):
 garbage-first heap   total 61440K, used 26813K [0x0000000084c00000, 0x0000000100000000)
  region size 1024K, 4 young (4096K), 4 survivors (4096K)
 Metaspace       used 62208K, committed 62784K, reserved 1114112K
  class space    used 8379K, committed 8640K, reserved 1048576K
}

